2020-01-18 14:10:25 ERROR View:347 - java.lang.NumberFormatException: For input string: "fsg"
java.base/java.lang.NumberFormatException.forInputString(NumberFormatException.java:68)
java.base/java.lang.Integer.parseInt(Integer.java:658)
java.base/java.lang.Integer.parseInt(Integer.java:776)
ua.edu.sumdu.j2se.mogila.tasks.view.View.readInterval(View.java:344)
ua.edu.sumdu.j2se.mogila.tasks.controller.Controller.addNewTask(Controller.java:25)
ua.edu.sumdu.j2se.mogila.tasks.controller.Controller.act(Controller.java:83)
ua.edu.sumdu.j2se.mogila.tasks.Main.main(Main.java:23)
2020-01-18 14:10:38 ERROR View:208 - java.lang.NumberFormatException: For input string: "fsg"
java.base/java.lang.NumberFormatException.forInputString(NumberFormatException.java:68)
java.base/java.lang.Integer.parseInt(Integer.java:658)
java.base/java.lang.Integer.parseInt(Integer.java:776)
ua.edu.sumdu.j2se.mogila.tasks.view.View.infoOfTaskView(View.java:202)
ua.edu.sumdu.j2se.mogila.tasks.controller.Controller.infoOfTask(Controller.java:69)
ua.edu.sumdu.j2se.mogila.tasks.controller.Controller.act(Controller.java:84)
ua.edu.sumdu.j2se.mogila.tasks.Main.main(Main.java:23)
2020-01-22 20:04:07 ERROR View:118 - For input string: "sfg"
java.lang.NumberFormatException: For input string: "sfg"
	at java.base/java.lang.NumberFormatException.forInputString(NumberFormatException.java:68)
	at java.base/java.lang.Integer.parseInt(Integer.java:658)
	at java.base/java.lang.Integer.parseInt(Integer.java:776)
	at ua.edu.sumdu.j2se.mogila.tasks.view.View.deleteTaskView(View.java:116)
	at ua.edu.sumdu.j2se.mogila.tasks.controller.Controller.deleteTask(Controller.java:39)
	at ua.edu.sumdu.j2se.mogila.tasks.controller.Controller.act(Controller.java:82)
	at ua.edu.sumdu.j2se.mogila.tasks.Main.main(Main.java:23)
2020-01-22 20:10:18 ERROR View:118 - For input string: "sfsdf"
java.lang.NumberFormatException: For input string: "sfsdf"
	at java.base/java.lang.NumberFormatException.forInputString(NumberFormatException.java:68)
	at java.base/java.lang.Integer.parseInt(Integer.java:658)
	at java.base/java.lang.Integer.parseInt(Integer.java:776)
	at ua.edu.sumdu.j2se.mogila.tasks.view.View.deleteTaskView(View.java:116)
	at ua.edu.sumdu.j2se.mogila.tasks.controller.Controller.deleteTask(Controller.java:39)
	at ua.edu.sumdu.j2se.mogila.tasks.controller.Controller.act(Controller.java:82)
	at ua.edu.sumdu.j2se.mogila.tasks.Main.main(Main.java:23)
2020-01-22 20:21:10 ERROR View:141 - For input string: "sfgfs"
java.lang.NumberFormatException: For input string: "sfgfs"
	at java.base/java.lang.NumberFormatException.forInputString(NumberFormatException.java:68)
	at java.base/java.lang.Integer.parseInt(Integer.java:658)
	at java.base/java.lang.Integer.parseInt(Integer.java:776)
	at ua.edu.sumdu.j2se.mogila.tasks.view.View.editTaskView(View.java:133)
	at ua.edu.sumdu.j2se.mogila.tasks.view.View.editTaskView(View.java:136)
	at ua.edu.sumdu.j2se.mogila.tasks.view.View.editTaskView(View.java:136)
	at ua.edu.sumdu.j2se.mogila.tasks.controller.Controller.editTask(Controller.java:62)
	at ua.edu.sumdu.j2se.mogila.tasks.controller.Controller.act(Controller.java:87)
	at ua.edu.sumdu.j2se.mogila.tasks.Main.main(Main.java:23)
2020-01-22 20:24:17 ERROR View:284 - Text '22-01-2020 2025' could not be parsed at index 13
java.time.format.DateTimeParseException: Text '22-01-2020 2025' could not be parsed at index 13
	at java.base/java.time.format.DateTimeFormatter.parseResolved0(DateTimeFormatter.java:2049)
	at java.base/java.time.format.DateTimeFormatter.parse(DateTimeFormatter.java:1951)
	at java.base/java.time.LocalDateTime.parse(LocalDateTime.java:492)
	at ua.edu.sumdu.j2se.mogila.tasks.view.View.readTimeFromLine(View.java:281)
	at ua.edu.sumdu.j2se.mogila.tasks.controller.Controller.addNewTask(Controller.java:29)
	at ua.edu.sumdu.j2se.mogila.tasks.controller.Controller.act(Controller.java:84)
	at ua.edu.sumdu.j2se.mogila.tasks.Main.main(Main.java:23)
2020-01-22 20:29:51 ERROR View:131 - For input string: "dfgdf"
java.lang.NumberFormatException: For input string: "dfgdf"
	at java.base/java.lang.NumberFormatException.forInputString(NumberFormatException.java:68)
	at java.base/java.lang.Integer.parseInt(Integer.java:658)
	at java.base/java.lang.Integer.parseInt(Integer.java:776)
	at ua.edu.sumdu.j2se.mogila.tasks.view.View.editTaskView(View.java:123)
	at ua.edu.sumdu.j2se.mogila.tasks.controller.Controller.editTask(Controller.java:62)
	at ua.edu.sumdu.j2se.mogila.tasks.controller.Controller.act(Controller.java:88)
	at ua.edu.sumdu.j2se.mogila.tasks.Main.main(Main.java:23)
2020-01-22 20:41:24 ERROR View:41 - For input string: "dfg"
java.lang.NumberFormatException: For input string: "dfg"
	at java.base/java.lang.NumberFormatException.forInputString(NumberFormatException.java:68)
	at java.base/java.lang.Integer.parseInt(Integer.java:658)
	at java.base/java.lang.Integer.parseInt(Integer.java:776)
	at ua.edu.sumdu.j2se.mogila.tasks.view.View.mainMenu(View.java:33)
	at ua.edu.sumdu.j2se.mogila.tasks.controller.Controller.act(Controller.java:82)
	at ua.edu.sumdu.j2se.mogila.tasks.Main.main(Main.java:23)
2020-01-22 20:51:08 ERROR View:174 - For input string: "fgfdg"
java.lang.NumberFormatException: For input string: "fgfdg"
	at java.base/java.lang.NumberFormatException.forInputString(NumberFormatException.java:68)
	at java.base/java.lang.Integer.parseInt(Integer.java:658)
	at java.base/java.lang.Integer.parseInt(Integer.java:776)
	at ua.edu.sumdu.j2se.mogila.tasks.view.View.infoOfTaskView(View.java:168)
	at ua.edu.sumdu.j2se.mogila.tasks.controller.Controller.infoOfTask(Controller.java:51)
	at ua.edu.sumdu.j2se.mogila.tasks.controller.Controller.act(Controller.java:65)
	at ua.edu.sumdu.j2se.mogila.tasks.Main.main(Main.java:22)
2020-01-22 21:33:42 ERROR View:132 - For input string: "sdfds"
java.lang.NumberFormatException: For input string: "sdfds"
	at java.base/java.lang.NumberFormatException.forInputString(NumberFormatException.java:68)
	at java.base/java.lang.Integer.parseInt(Integer.java:658)
	at java.base/java.lang.Integer.parseInt(Integer.java:776)
	at ua.edu.sumdu.j2se.mogila.tasks.view.View.editTaskView(View.java:124)
	at ua.edu.sumdu.j2se.mogila.tasks.controller.Controller.editTask(Controller.java:43)
	at ua.edu.sumdu.j2se.mogila.tasks.controller.Controller.act(Controller.java:69)
	at ua.edu.sumdu.j2se.mogila.tasks.Main.main(Main.java:22)
2020-01-22 21:34:45 ERROR View:40 - For input string: ""
java.lang.NumberFormatException: For input string: ""
	at java.base/java.lang.NumberFormatException.forInputString(NumberFormatException.java:68)
	at java.base/java.lang.Integer.parseInt(Integer.java:668)
	at java.base/java.lang.Integer.parseInt(Integer.java:776)
	at ua.edu.sumdu.j2se.mogila.tasks.view.View.mainMenu(View.java:32)
	at ua.edu.sumdu.j2se.mogila.tasks.controller.Controller.act(Controller.java:63)
	at ua.edu.sumdu.j2se.mogila.tasks.Main.main(Main.java:22)
2020-01-22 21:34:49 ERROR View:40 - For input string: ""
java.lang.NumberFormatException: For input string: ""
	at java.base/java.lang.NumberFormatException.forInputString(NumberFormatException.java:68)
	at java.base/java.lang.Integer.parseInt(Integer.java:668)
	at java.base/java.lang.Integer.parseInt(Integer.java:776)
	at ua.edu.sumdu.j2se.mogila.tasks.view.View.mainMenu(View.java:32)
	at ua.edu.sumdu.j2se.mogila.tasks.view.View.mainMenu(View.java:41)
	at ua.edu.sumdu.j2se.mogila.tasks.controller.Controller.act(Controller.java:63)
	at ua.edu.sumdu.j2se.mogila.tasks.Main.main(Main.java:22)
2020-01-22 21:34:54 ERROR View:40 - For input string: ""
java.lang.NumberFormatException: For input string: ""
	at java.base/java.lang.NumberFormatException.forInputString(NumberFormatException.java:68)
	at java.base/java.lang.Integer.parseInt(Integer.java:668)
	at java.base/java.lang.Integer.parseInt(Integer.java:776)
	at ua.edu.sumdu.j2se.mogila.tasks.view.View.mainMenu(View.java:32)
	at ua.edu.sumdu.j2se.mogila.tasks.view.View.mainMenu(View.java:41)
	at ua.edu.sumdu.j2se.mogila.tasks.view.View.mainMenu(View.java:41)
	at ua.edu.sumdu.j2se.mogila.tasks.controller.Controller.act(Controller.java:63)
	at ua.edu.sumdu.j2se.mogila.tasks.Main.main(Main.java:22)
2020-01-22 21:34:58 ERROR View:40 - For input string: ""
java.lang.NumberFormatException: For input string: ""
	at java.base/java.lang.NumberFormatException.forInputString(NumberFormatException.java:68)
	at java.base/java.lang.Integer.parseInt(Integer.java:668)
	at java.base/java.lang.Integer.parseInt(Integer.java:776)
	at ua.edu.sumdu.j2se.mogila.tasks.view.View.mainMenu(View.java:32)
	at ua.edu.sumdu.j2se.mogila.tasks.view.View.mainMenu(View.java:41)
	at ua.edu.sumdu.j2se.mogila.tasks.view.View.mainMenu(View.java:41)
	at ua.edu.sumdu.j2se.mogila.tasks.view.View.mainMenu(View.java:41)
	at ua.edu.sumdu.j2se.mogila.tasks.controller.Controller.act(Controller.java:63)
	at ua.edu.sumdu.j2se.mogila.tasks.Main.main(Main.java:22)
2020-01-22 21:35:00 ERROR View:40 - For input string: ""
java.lang.NumberFormatException: For input string: ""
	at java.base/java.lang.NumberFormatException.forInputString(NumberFormatException.java:68)
	at java.base/java.lang.Integer.parseInt(Integer.java:668)
	at java.base/java.lang.Integer.parseInt(Integer.java:776)
	at ua.edu.sumdu.j2se.mogila.tasks.view.View.mainMenu(View.java:32)
	at ua.edu.sumdu.j2se.mogila.tasks.view.View.mainMenu(View.java:41)
	at ua.edu.sumdu.j2se.mogila.tasks.view.View.mainMenu(View.java:41)
	at ua.edu.sumdu.j2se.mogila.tasks.view.View.mainMenu(View.java:41)
	at ua.edu.sumdu.j2se.mogila.tasks.view.View.mainMenu(View.java:41)
	at ua.edu.sumdu.j2se.mogila.tasks.controller.Controller.act(Controller.java:63)
	at ua.edu.sumdu.j2se.mogila.tasks.Main.main(Main.java:22)
2020-01-22 21:35:02 ERROR View:40 - For input string: ""
java.lang.NumberFormatException: For input string: ""
	at java.base/java.lang.NumberFormatException.forInputString(NumberFormatException.java:68)
	at java.base/java.lang.Integer.parseInt(Integer.java:668)
	at java.base/java.lang.Integer.parseInt(Integer.java:776)
	at ua.edu.sumdu.j2se.mogila.tasks.view.View.mainMenu(View.java:32)
	at ua.edu.sumdu.j2se.mogila.tasks.view.View.mainMenu(View.java:41)
	at ua.edu.sumdu.j2se.mogila.tasks.view.View.mainMenu(View.java:41)
	at ua.edu.sumdu.j2se.mogila.tasks.view.View.mainMenu(View.java:41)
	at ua.edu.sumdu.j2se.mogila.tasks.view.View.mainMenu(View.java:41)
	at ua.edu.sumdu.j2se.mogila.tasks.view.View.mainMenu(View.java:41)
	at ua.edu.sumdu.j2se.mogila.tasks.controller.Controller.act(Controller.java:63)
	at ua.edu.sumdu.j2se.mogila.tasks.Main.main(Main.java:22)
2020-01-22 21:36:19 ERROR View:132 - For input string: "TEST"
java.lang.NumberFormatException: For input string: "TEST"
	at java.base/java.lang.NumberFormatException.forInputString(NumberFormatException.java:68)
	at java.base/java.lang.Integer.parseInt(Integer.java:658)
	at java.base/java.lang.Integer.parseInt(Integer.java:776)
	at ua.edu.sumdu.j2se.mogila.tasks.view.View.editTaskView(View.java:124)
	at ua.edu.sumdu.j2se.mogila.tasks.controller.Controller.editTask(Controller.java:43)
	at ua.edu.sumdu.j2se.mogila.tasks.controller.Controller.act(Controller.java:69)
	at ua.edu.sumdu.j2se.mogila.tasks.Main.main(Main.java:22)
2020-01-22 21:41:51 ERROR View:275 - Text '2' could not be parsed at index 0
java.time.format.DateTimeParseException: Text '2' could not be parsed at index 0
	at java.base/java.time.format.DateTimeFormatter.parseResolved0(DateTimeFormatter.java:2049)
	at java.base/java.time.format.DateTimeFormatter.parse(DateTimeFormatter.java:1951)
	at java.base/java.time.LocalDateTime.parse(LocalDateTime.java:492)
	at ua.edu.sumdu.j2se.mogila.tasks.view.View.readTimeFromLine(View.java:272)
	at ua.edu.sumdu.j2se.mogila.tasks.view.View.readTimeFromLine(View.java:270)
	at ua.edu.sumdu.j2se.mogila.tasks.view.View.readTimeFromLine(View.java:270)
	at ua.edu.sumdu.j2se.mogila.tasks.view.View.readTimeFromLine(View.java:270)
	at ua.edu.sumdu.j2se.mogila.tasks.view.View.readTimeFromLine(View.java:270)
	at ua.edu.sumdu.j2se.mogila.tasks.view.View.readTimeFromLine(View.java:270)
	at ua.edu.sumdu.j2se.mogila.tasks.view.View.readTimeFromLine(View.java:270)
	at ua.edu.sumdu.j2se.mogila.tasks.view.View.readTimeFromLine(View.java:270)
	at ua.edu.sumdu.j2se.mogila.tasks.controller.Controller.readTask(Controller.java:141)
	at ua.edu.sumdu.j2se.mogila.tasks.controller.Controller.editTask(Controller.java:43)
	at ua.edu.sumdu.j2se.mogila.tasks.controller.Controller.act(Controller.java:69)
	at ua.edu.sumdu.j2se.mogila.tasks.Main.main(Main.java:22)
2020-01-22 22:10:34 ERROR View:132 - For input string: "true"
java.lang.NumberFormatException: For input string: "true"
	at java.base/java.lang.NumberFormatException.forInputString(NumberFormatException.java:68)
	at java.base/java.lang.Integer.parseInt(Integer.java:658)
	at java.base/java.lang.Integer.parseInt(Integer.java:776)
	at ua.edu.sumdu.j2se.mogila.tasks.view.View.editTaskView(View.java:124)
	at ua.edu.sumdu.j2se.mogila.tasks.controller.Controller.editTask(Controller.java:45)
	at ua.edu.sumdu.j2se.mogila.tasks.controller.Controller$1.run(Controller.java:108)
	at java.base/java.lang.Thread.run(Thread.java:835)
2020-01-28 18:53:43 ERROR Model:76 - resDir\res.bin (Системе не удается найти указанный путь)
java.io.FileNotFoundException: resDir\res.bin (Системе не удается найти указанный путь)
	at java.base/java.io.FileInputStream.open0(Native Method)
	at java.base/java.io.FileInputStream.open(FileInputStream.java:213)
	at java.base/java.io.FileInputStream.<init>(FileInputStream.java:155)
	at ua.edu.sumdu.j2se.mogila.tasks.TaskIO.readBinary(TaskIO.java:116)
	at ua.edu.sumdu.j2se.mogila.tasks.model.Model.openFile(Model.java:74)
	at ua.edu.sumdu.j2se.mogila.tasks.controller.Controller.startProgram(Controller.java:83)
	at ua.edu.sumdu.j2se.mogila.tasks.controller.Controller.<init>(Controller.java:18)
	at ua.edu.sumdu.j2se.mogila.tasks.Main.main(Main.java:20)
2020-01-28 18:54:01 ERROR Model:39 - resDir\res.bin (Системе не удается найти указанный путь)
java.io.FileNotFoundException: resDir\res.bin (Системе не удается найти указанный путь)
	at java.base/java.io.FileOutputStream.open0(Native Method)
	at java.base/java.io.FileOutputStream.open(FileOutputStream.java:292)
	at java.base/java.io.FileOutputStream.<init>(FileOutputStream.java:235)
	at java.base/java.io.FileOutputStream.<init>(FileOutputStream.java:185)
	at ua.edu.sumdu.j2se.mogila.tasks.TaskIO.writeBinary(TaskIO.java:105)
	at ua.edu.sumdu.j2se.mogila.tasks.model.Model.save(Model.java:36)
	at ua.edu.sumdu.j2se.mogila.tasks.model.Model.add(Model.java:20)
	at ua.edu.sumdu.j2se.mogila.tasks.controller.Controller.addNewTask(Controller.java:23)
	at ua.edu.sumdu.j2se.mogila.tasks.controller.Controller.act(Controller.java:65)
	at ua.edu.sumdu.j2se.mogila.tasks.Main.main(Main.java:22)
2020-01-28 18:54:03 ERROR Model:39 - resDir\res.bin (Системе не удается найти указанный путь)
java.io.FileNotFoundException: resDir\res.bin (Системе не удается найти указанный путь)
	at java.base/java.io.FileOutputStream.open0(Native Method)
	at java.base/java.io.FileOutputStream.open(FileOutputStream.java:292)
	at java.base/java.io.FileOutputStream.<init>(FileOutputStream.java:235)
	at java.base/java.io.FileOutputStream.<init>(FileOutputStream.java:185)
	at ua.edu.sumdu.j2se.mogila.tasks.TaskIO.writeBinary(TaskIO.java:105)
	at ua.edu.sumdu.j2se.mogila.tasks.model.Model.save(Model.java:36)
	at ua.edu.sumdu.j2se.mogila.tasks.controller.Controller.act(Controller.java:64)
	at ua.edu.sumdu.j2se.mogila.tasks.Main.main(Main.java:22)
2020-01-28 18:54:13 ERROR Model:76 - resDir\res.bin (Системе не удается найти указанный путь)
java.io.FileNotFoundException: resDir\res.bin (Системе не удается найти указанный путь)
	at java.base/java.io.FileInputStream.open0(Native Method)
	at java.base/java.io.FileInputStream.open(FileInputStream.java:213)
	at java.base/java.io.FileInputStream.<init>(FileInputStream.java:155)
	at ua.edu.sumdu.j2se.mogila.tasks.TaskIO.readBinary(TaskIO.java:116)
	at ua.edu.sumdu.j2se.mogila.tasks.model.Model.openFile(Model.java:74)
	at ua.edu.sumdu.j2se.mogila.tasks.controller.Controller.startProgram(Controller.java:83)
	at ua.edu.sumdu.j2se.mogila.tasks.controller.Controller.<init>(Controller.java:18)
	at ua.edu.sumdu.j2se.mogila.tasks.Main.main(Main.java:20)
2020-01-28 18:55:27 ERROR Model:78 - resDir\res.bin (Системе не удается найти указанный путь)
java.io.FileNotFoundException: resDir\res.bin (Системе не удается найти указанный путь)
	at java.base/java.io.FileInputStream.open0(Native Method)
	at java.base/java.io.FileInputStream.open(FileInputStream.java:213)
	at java.base/java.io.FileInputStream.<init>(FileInputStream.java:155)
	at ua.edu.sumdu.j2se.mogila.tasks.TaskIO.readBinary(TaskIO.java:116)
	at ua.edu.sumdu.j2se.mogila.tasks.model.Model.openFile(Model.java:76)
	at ua.edu.sumdu.j2se.mogila.tasks.controller.Controller.startProgram(Controller.java:83)
	at ua.edu.sumdu.j2se.mogila.tasks.controller.Controller.<init>(Controller.java:18)
	at ua.edu.sumdu.j2se.mogila.tasks.Main.main(Main.java:20)
